mode: set
project/controllers/bookController.go:16.66,18.2 1 1
project/controllers/bookController.go:20.59,21.44 1 1
project/controllers/bookController.go:29.2,29.61 1 1
project/controllers/bookController.go:21.44,24.17 3 1
project/controllers/bookController.go:27.3,27.50 1 1
project/controllers/bookController.go:24.17,26.4 1 0
project/controllers/bookController.go:32.62,33.44 1 1
project/controllers/bookController.go:42.2,42.61 1 1
project/controllers/bookController.go:33.44,36.17 3 1
project/controllers/bookController.go:40.3,40.49 1 1
project/controllers/bookController.go:36.17,38.4 1 0
project/controllers/bookController.go:45.57,46.96 1 1
project/controllers/bookController.go:57.2,57.61 1 1
project/controllers/bookController.go:46.96,49.17 3 1
project/controllers/bookController.go:53.3,53.54 1 1
project/controllers/bookController.go:49.17,51.4 1 0
project/controllers/bookController.go:54.8,54.60 1 1
project/controllers/bookController.go:54.60,56.3 1 1
project/controllers/bookController.go:60.57,61.95 1 1
project/controllers/bookController.go:80.2,80.61 1 1
project/controllers/bookController.go:61.95,72.17 4 1
project/controllers/bookController.go:76.3,76.49 1 1
project/controllers/bookController.go:72.17,74.4 1 0
project/controllers/bookController.go:77.8,77.60 1 1
project/controllers/bookController.go:77.60,79.3 1 1
project/controllers/bookController.go:83.57,84.98 1 1
project/controllers/bookController.go:95.2,95.61 1 1
project/controllers/bookController.go:84.98,87.17 3 1
project/controllers/bookController.go:91.3,91.48 1 1
project/controllers/bookController.go:87.17,89.4 1 0
project/controllers/bookController.go:92.8,92.60 1 1
project/controllers/bookController.go:92.60,94.3 1 1
project/controllers/userController.go:18.66,20.2 1 1
project/controllers/userController.go:22.65,23.95 1 1
project/controllers/userController.go:33.2,33.61 1 1
project/controllers/userController.go:23.95,26.17 3 1
project/controllers/userController.go:29.3,29.50 1 1
project/controllers/userController.go:26.17,28.4 1 0
project/controllers/userController.go:30.8,30.60 1 1
project/controllers/userController.go:30.60,32.3 1 1
project/controllers/userController.go:36.68,37.95 1 1
project/controllers/userController.go:53.2,53.61 1 1
project/controllers/userController.go:37.95,40.17 3 1
project/controllers/userController.go:44.3,45.17 2 1
project/controllers/userController.go:49.3,49.50 1 1
project/controllers/userController.go:40.17,42.4 1 1
project/controllers/userController.go:45.17,47.4 1 1
project/controllers/userController.go:50.8,50.60 1 1
project/controllers/userController.go:50.60,52.3 1 1
project/controllers/userController.go:56.62,57.45 1 1
project/controllers/userController.go:82.2,82.61 1 0
project/controllers/userController.go:57.45,61.17 4 1
project/controllers/userController.go:65.3,65.42 1 1
project/controllers/userController.go:69.3,74.17 3 1
project/controllers/userController.go:78.3,80.49 2 1
project/controllers/userController.go:61.17,63.4 1 0
project/controllers/userController.go:65.42,67.4 1 0
project/controllers/userController.go:74.17,76.4 1 1
project/controllers/userController.go:85.63,86.45 1 1
project/controllers/userController.go:112.2,112.61 1 1
project/controllers/userController.go:86.45,90.17 4 1
project/controllers/userController.go:94.3,94.42 1 1
project/controllers/userController.go:98.3,100.17 3 1
project/controllers/userController.go:104.3,106.17 3 1
project/controllers/userController.go:110.3,110.54 1 1
project/controllers/userController.go:90.17,92.4 1 0
project/controllers/userController.go:94.42,96.4 1 1
project/controllers/userController.go:100.17,102.4 1 0
project/controllers/userController.go:106.17,108.4 1 0
project/controllers/userController.go:115.63,116.95 1 1
project/controllers/userController.go:149.2,149.61 1 1
project/controllers/userController.go:116.95,119.17 3 1
project/controllers/userController.go:123.3,125.17 3 1
project/controllers/userController.go:129.3,129.42 1 1
project/controllers/userController.go:133.3,135.17 3 1
project/controllers/userController.go:139.3,141.17 3 1
project/controllers/userController.go:145.3,145.49 1 1
project/controllers/userController.go:119.17,121.4 1 1
project/controllers/userController.go:125.17,127.4 1 0
project/controllers/userController.go:129.42,131.4 1 1
project/controllers/userController.go:135.17,137.4 1 0
project/controllers/userController.go:141.17,143.4 1 0
project/controllers/userController.go:146.8,146.60 1 1
project/controllers/userController.go:146.60,148.3 1 0
project/controllers/userController.go:152.63,153.98 1 1
project/controllers/userController.go:169.2,169.61 1 1
project/controllers/userController.go:153.98,156.17 3 1
project/controllers/userController.go:160.3,161.17 2 1
project/controllers/userController.go:165.3,165.48 1 1
project/controllers/userController.go:156.17,158.4 1 1
project/controllers/userController.go:161.17,163.4 1 0
project/controllers/userController.go:166.8,166.60 1 1
project/controllers/userController.go:166.60,168.3 1 0
